<?xml version="1.0" encoding="UTF-8"?>
<!-- Generated by org.testng.reporters.JUnitReportReporter -->
<testsuite hostname="DESKTOP-FALBJAG" failures="0" tests="1" name="delete.delete.Search" time="53.188" errors="0" timestamp="2022-10-02T16:23:39 IST" skipped="0">
  <testcase classname="delete.delete.Search" name="searchitem" time="53.188"/>
  <system-out/>
</testsuite> <!-- delete.delete.Search -->
