<?xml version="1.0" encoding="UTF-8"?>
<!-- Generated by org.testng.reporters.JUnitReportReporter -->
<testsuite hostname="DESKTOP-FALBJAG" failures="0" tests="2" name="delete.delete.testngdemo" time="0.028" errors="0" timestamp="2022-09-18T13:03:44 IST" skipped="0">
  <testcase classname="delete.delete.testngdemo" name="demo" time="0.021"/>
  <system-out/>
  <testcase classname="delete.delete.testngdemo" name="demoNg1" time="0.007"/>
  <system-out/>
</testsuite> <!-- delete.delete.testngdemo -->
